<?xml version="1.0" encoding="UTF-8"?>
<!-- Generated by org.testng.reporters.JUnitXMLReporter -->
<testsuite ignored="3" hostname="DESKTOP-10OIFKK" failures="0" tests="0" time="0.001" errors="0" timestamp="2025-01-09T12:01:39 IST">
  <testcase classname="E2ETests.ProductCataloguePageValidation" name="verfyOrderHistory" time="0.0">
    <ignored/>
  </testcase> <!-- verfyOrderHistory -->
  <testcase classname="E2ETests.ProductCataloguePageValidation" name="submitOrder" time="0.0">
    <ignored/>
  </testcase> <!-- submitOrder -->
  <testcase classname="E2ETests.ProductCataloguePageValidation" name="VerifyAddtoCartMsg" time="0.0">
    <ignored/>
  </testcase> <!-- VerifyAddtoCartMsg -->
</testsuite>
